<?xml version="1.0" encoding="UTF-8"?>
<testng-results ignored="0" total="1" passed="1" failed="0" skipped="0">
  <reporter-output>
  </reporter-output>
  <suite started-at="2024-03-31T16:52:25Z" name="Dynamics automation suite" finished-at="2024-03-31T16:52:57Z" duration-ms="32238">
    <groups>
    </groups>
    <test started-at="2024-03-31T16:52:25Z" name="SCC Clinet tests" finished-at="2024-03-31T16:52:57Z" duration-ms="32238">
      <class name="AlcumusQa.SccClientTest">
        <test-method is-config="true" signature="openBrowser(java.lang.String)[pri:0, instance:AlcumusQa.SccClientTest@221a3fa4]" started-at="2024-03-31T16:52:25Z" name="openBrowser" finished-at="2024-03-31T16:52:32Z" duration-ms="7563" status="PASS">
          <params>
            <param index="0">
              <value>
                <![CDATA[https://alcumusmain.crm4.dynamics.com/main.aspx]]>
              </value>
            </param>
          </params>
          <reporter-output>
          </reporter-output>
        </test-method> <!-- openBrowser -->
        <test-method signature="SccClientSalesProcess()[pri:0, instance:AlcumusQa.SccClientTest@221a3fa4]" started-at="2024-03-31T16:52:32Z" name="SccClientSalesProcess" finished-at="2024-03-31T16:52:57Z" duration-ms="24361" status="PASS">
          <reporter-output>
          </reporter-output>
        </test-method> <!-- SccClientSalesProcess -->
        <test-method is-config="true" signature="closeDown()[pri:0, instance:AlcumusQa.SccClientTest@221a3fa4]" started-at="2024-03-31T16:52:57Z" name="closeDown" finished-at="2024-03-31T16:52:57Z" duration-ms="304" status="PASS">
          <reporter-output>
          </reporter-output>
        </test-method> <!-- closeDown -->
      </class> <!-- AlcumusQa.SccClientTest -->
    </test> <!-- SCC Clinet tests -->
  </suite> <!-- Dynamics automation suite -->
</testng-results>
