<?xml version="1.0" encoding="UTF-8"?>
<testng-results ignored="0" total="1" passed="1" failed="0" skipped="0">
  <reporter-output>
  </reporter-output>
  <suite started-at="2024-04-02T15:02:45Z" name="Dynamics automation suite" finished-at="2024-04-02T15:03:17Z" duration-ms="32513">
    <groups>
    </groups>
    <test started-at="2024-04-02T15:02:45Z" name="SCC Clinet tests" finished-at="2024-04-02T15:03:17Z" duration-ms="32513">
      <class name="AlcumusQa.SafeContractorTest">
        <test-method is-config="true" signature="openBrowser(java.lang.String)[pri:0, instance:AlcumusQa.SafeContractorTest@609e8838]" started-at="2024-04-02T15:02:45Z" name="openBrowser" finished-at="2024-04-02T15:02:53Z" duration-ms="8559" status="PASS">
          <params>
            <param index="0">
              <value>
                <![CDATA[https://alcumusmain.crm4.dynamics.com/main.aspx]]>
              </value>
            </param>
          </params>
          <reporter-output>
          </reporter-output>
        </test-method> <!-- openBrowser -->
        <test-method signature="safeContractorSalesProcess()[pri:0, instance:AlcumusQa.SafeContractorTest@609e8838]" started-at="2024-04-02T15:02:53Z" name="safeContractorSalesProcess" finished-at="2024-04-02T15:03:17Z" duration-ms="23677" status="PASS">
          <reporter-output>
          </reporter-output>
        </test-method> <!-- safeContractorSalesProcess -->
        <test-method is-config="true" signature="closeDown()[pri:0, instance:AlcumusQa.SafeContractorTest@609e8838]" started-at="2024-04-02T15:03:17Z" name="closeDown" finished-at="2024-04-02T15:03:17Z" duration-ms="267" status="PASS">
          <reporter-output>
          </reporter-output>
        </test-method> <!-- closeDown -->
      </class> <!-- AlcumusQa.SafeContractorTest -->
    </test> <!-- SCC Clinet tests -->
  </suite> <!-- Dynamics automation suite -->
</testng-results>
